<?xml version="1.0" encoding="UTF-8" standalone="no"?>
<testsuite failures="0" name="cucumber.runtime.formatter.JUnitFormatter" skipped="0" tests="1" time="0.129714">
<testcase classname="Nemi do wonders." name="Hook scenario" time="0.129714">
<system-out><![CDATA[Given I hook................................................................passed
When I can hook.............................................................passed
Then I will hook............................................................passed
]]></system-out>
</testcase>
</testsuite>
