<?xml version="1.0" encoding="UTF-8"?>
<testng-results skipped="0" failed="0" total="1" passed="1">
  <reporter-output>
  </reporter-output>
  <suite name="Default suite" duration-ms="22423" started-at="2016-04-18T15:10:25Z" finished-at="2016-04-18T15:10:47Z">
    <groups>
    </groups>
    <test name="Default test" duration-ms="22423" started-at="2016-04-18T15:10:25Z" finished-at="2016-04-18T15:10:47Z">
      <class name="test.JSCOmmandTest">
        <test-method status="PASS" signature="test()[pri:0, instance:test.JSCOmmandTest@233c0b17]" name="test" duration-ms="22404" started-at="2016-04-18T20:40:25Z" finished-at="2016-04-18T20:40:47Z">
          <reporter-output>
          </reporter-output>
        </test-method> <!-- test -->
      </class> <!-- test.JSCOmmandTest -->
    </test> <!-- Default test -->
  </suite> <!-- Default suite -->
</testng-results>
