<?xml version="1.0" encoding="UTF-8"?>
<testng-results skipped="0" failed="0" total="1" passed="1">
  <reporter-output>
  </reporter-output>
  <suite name="Default suite" duration-ms="13199" started-at="2016-04-25T15:50:28Z" finished-at="2016-04-25T15:50:41Z">
    <groups>
    </groups>
    <test name="Default test" duration-ms="13199" started-at="2016-04-25T15:50:28Z" finished-at="2016-04-25T15:50:41Z">
      <class name="com.dreamersweekend.nemi.NemiDriverTest">
        <test-method status="PASS" signature="nemiDriverTest()[pri:0, instance:com.dreamersweekend.nemi.NemiDriverTest@ea4a92b]" name="nemiDriverTest" duration-ms="13171" started-at="2016-04-25T21:20:28Z" finished-at="2016-04-25T21:20:41Z">
          <reporter-output>
          </reporter-output>
        </test-method> <!-- nemiDriverTest -->
      </class> <!-- com.dreamersweekend.nemi.NemiDriverTest -->
    </test> <!-- Default test -->
  </suite> <!-- Default suite -->
</testng-results>
